<?xml version="1.0" encoding="UTF-8"?>
<!-- Generated by org.testng.reporters.JUnitReportReporter -->
<testsuite hostname="DT-QE-AVDEBULUSAN" failures="0" tests="1" name="testexecution.maintest" time="16.487" errors="0" timestamp="23 Mar 2022 09:23:07 GMT" skipped="0">
  <testcase classname="testexecution.maintest" name="execute" time="16.487"/>
</testsuite> <!-- testexecution.maintest -->
