<?xml version="1.0" encoding="UTF-8"?>
<!-- Generated by org.testng.reporters.JUnitReportReporter -->
<testsuite hostname="DT-QE-AVDEBULUSAN" failures="0" tests="1" name="com.loadrshuttle.LoadrEquipment" time="154.439" errors="0" timestamp="28 Mar 2022 06:18:14 GMT" skipped="0">
  <testcase classname="com.loadrshuttle.LoadrEquipment" name="execute" time="154.439"/>
</testsuite> <!-- com.loadrshuttle.LoadrEquipment -->
